<?xml version="1.0" encoding="UTF-8"?>
<!-- Generated by org.testng.reporters.JUnitXMLReporter -->
<testsuite ignored="0" hostname="DESKTOP-4J22C4F" failures="1" tests="3" name="SafariTest" time="66.855" errors="0" timestamp="2024-05-30T22:28:18 IST">
  <testcase classname="Tej_test.TestScenario_1" name="TestScenario1" time="7.582"/>
  <testcase classname="Tej_test.TestScenario_2" name="TestScenario2" time="5.269"/>
  <testcase classname="Tej_test.TestScenario_3" name="TestScenario3" time="6.665">
    <failure type="java.lang.AssertionError" message="Both text same.......... expected [Please fill in this field.] but found [Please fill out this field.]">
      <![CDATA[java.lang.AssertionError: Both text same.......... expected [Please fill in this field.] but found [Please fill out this field.]
at Tej_test.TestScenario_3.TestScenario3(TestScenario_3.java:72)
at java.base/java.util.ArrayList.forEach(ArrayList.java:1511)
at java.base/java.util.concurrent.FutureTask.run(FutureTask.java:264)
at java.base/java.util.concurrent.ThreadPoolExecutor.runWorker(ThreadPoolExecutor.java:1130)
at java.base/java.util.concurrent.ThreadPoolExecutor$Worker.run(ThreadPoolExecutor.java:630)
at java.base/java.lang.Thread.run(Thread.java:832)
... Removed 23 stack frames]]>
    </failure>
  </testcase> <!-- TestScenario3 -->
</testsuite> <!-- SafariTest -->
