<?xml version="1.0" encoding="UTF-8"?>
<testng-results total="6" passed="5" failed="1" skipped="0">
  <reporter-output>
  </reporter-output>
  <suite started-at="2024-05-30T17:03:30Z" name="Parallel Test Suite" finished-at="2024-05-30T17:04:42Z" duration-ms="72209">
    <groups>
    </groups>
    <test started-at="2024-05-30T17:03:30Z" name="SafariTest" finished-at="2024-05-30T17:04:35Z" duration-ms="64493">
      <class name="Tej_test.TestScenario_1">
        <test-method is-config="true" signature="setUp(java.lang.String, java.lang.String, java.lang.String)[pri:0, instance:Tej_test.TestScenario_1@2a266d09]" started-at="2024-05-30T22:33:30Z" name="setUp" finished-at="2024-05-30T22:33:42Z" duration-ms="12202" status="PASS">
          <params>
            <param index="0">
              <value>
                <![CDATA[safari]]>
              </value>
            </param>
            <param index="1">
              <value>
                <![CDATA[latest]]>
              </value>
            </param>
            <param index="2">
              <value>
                <![CDATA[macOS Catalina]]>
              </value>
            </param>
          </params>
          <reporter-output>
          </reporter-output>
        </test-method> <!-- setUp -->
        <test-method signature="TestScenario1()[pri:0, instance:Tej_test.TestScenario_1@2a266d09]" started-at="2024-05-30T22:33:42Z" name="TestScenario1" finished-at="2024-05-30T22:33:49Z" duration-ms="6966" status="PASS">
          <reporter-output>
          </reporter-output>
        </test-method> <!-- TestScenario1 -->
        <test-method is-config="true" signature="tearDown()[pri:0, instance:Tej_test.TestScenario_1@2a266d09]" started-at="2024-05-30T22:33:49Z" name="tearDown" finished-at="2024-05-30T22:33:50Z" duration-ms="319" status="PASS">
          <reporter-output>
          </reporter-output>
        </test-method> <!-- tearDown -->
      </class> <!-- Tej_test.TestScenario_1 -->
      <class name="Tej_test.TestScenario_2">
        <test-method is-config="true" signature="setUp(java.lang.String, java.lang.String, java.lang.String)[pri:0, instance:Tej_test.TestScenario_2@5ab9e72c]" started-at="2024-05-30T22:33:50Z" name="setUp" finished-at="2024-05-30T22:34:05Z" duration-ms="15681" status="PASS">
          <params>
            <param index="0">
              <value>
                <![CDATA[safari]]>
              </value>
            </param>
            <param index="1">
              <value>
                <![CDATA[latest]]>
              </value>
            </param>
            <param index="2">
              <value>
                <![CDATA[macOS Catalina]]>
              </value>
            </param>
          </params>
          <reporter-output>
          </reporter-output>
        </test-method> <!-- setUp -->
        <test-method signature="TestScenario2()[pri:0, instance:Tej_test.TestScenario_2@5ab9e72c]" started-at="2024-05-30T22:34:05Z" name="TestScenario2" finished-at="2024-05-30T22:34:12Z" duration-ms="6348" status="PASS">
          <reporter-output>
          </reporter-output>
        </test-method> <!-- TestScenario2 -->
        <test-method is-config="true" signature="tearDown()[pri:0, instance:Tej_test.TestScenario_2@5ab9e72c]" started-at="2024-05-30T22:34:12Z" name="tearDown" finished-at="2024-05-30T22:34:12Z" duration-ms="204" status="PASS">
          <reporter-output>
          </reporter-output>
        </test-method> <!-- tearDown -->
      </class> <!-- Tej_test.TestScenario_2 -->
      <class name="Tej_test.TestScenario_3">
        <test-method is-config="true" signature="setUp(java.lang.String, java.lang.String, java.lang.String)[pri:0, instance:Tej_test.TestScenario_3@186f8716]" started-at="2024-05-30T22:34:12Z" name="setUp" finished-at="2024-05-30T22:34:29Z" duration-ms="17007" status="PASS">
          <params>
            <param index="0">
              <value>
                <![CDATA[safari]]>
              </value>
            </param>
            <param index="1">
              <value>
                <![CDATA[latest]]>
              </value>
            </param>
            <param index="2">
              <value>
                <![CDATA[macOS Catalina]]>
              </value>
            </param>
          </params>
          <reporter-output>
          </reporter-output>
        </test-method> <!-- setUp -->
        <test-method signature="TestScenario3()[pri:0, instance:Tej_test.TestScenario_3@186f8716]" started-at="2024-05-30T22:34:29Z" name="TestScenario3" finished-at="2024-05-30T22:34:34Z" duration-ms="5319" status="FAIL">
          <exception class="java.lang.AssertionError">
            <message>
              <![CDATA[Both text same.......... expected [Please fill in this field.] but found [Please fill out this field.]]]>
            </message>
            <full-stacktrace>
              <![CDATA[java.lang.AssertionError: Both text same.......... expected [Please fill in this field.] but found [Please fill out this field.]
	at org.testng.Assert.fail(Assert.java:94)
	at org.testng.Assert.failNotEquals(Assert.java:513)
	at org.testng.Assert.assertEqualsImpl(Assert.java:135)
	at org.testng.Assert.assertEquals(Assert.java:116)
	at org.testng.Assert.assertEquals(Assert.java:190)
	at Tej_test.TestScenario_3.TestScenario3(TestScenario_3.java:72)
	at java.base/jdk.internal.reflect.NativeMethodAccessorImpl.invoke0(Native Method)
	at java.base/jdk.internal.reflect.NativeMethodAccessorImpl.invoke(NativeMethodAccessorImpl.java:64)
	at java.base/jdk.internal.reflect.DelegatingMethodAccessorImpl.invoke(DelegatingMethodAccessorImpl.java:43)
	at java.base/java.lang.reflect.Method.invoke(Method.java:564)
	at org.testng.internal.MethodInvocationHelper.invokeMethod(MethodInvocationHelper.java:100)
	at org.testng.internal.Invoker.invokeMethod(Invoker.java:646)
	at org.testng.internal.Invoker.invokeTestMethod(Invoker.java:811)
	at org.testng.internal.Invoker.invokeTestMethods(Invoker.java:1137)
	at org.testng.internal.TestMethodWorker.invokeTestMethods(TestMethodWorker.java:129)
	at org.testng.internal.TestMethodWorker.run(TestMethodWorker.java:112)
	at org.testng.TestRunner.privateRun(TestRunner.java:753)
	at org.testng.TestRunner.run(TestRunner.java:607)
	at org.testng.SuiteRunner.runTest(SuiteRunner.java:368)
	at org.testng.SuiteRunner.access$000(SuiteRunner.java:39)
	at org.testng.SuiteRunner$SuiteWorker.run(SuiteRunner.java:402)
	at org.testng.internal.thread.ThreadUtil$2.call(ThreadUtil.java:64)
	at java.base/java.util.concurrent.FutureTask.run(FutureTask.java:264)
	at java.base/java.util.concurrent.ThreadPoolExecutor.runWorker(ThreadPoolExecutor.java:1130)
	at java.base/java.util.concurrent.ThreadPoolExecutor$Worker.run(ThreadPoolExecutor.java:630)
	at java.base/java.lang.Thread.run(Thread.java:832)
]]>
            </full-stacktrace>
          </exception> <!-- java.lang.AssertionError -->
          <reporter-output>
          </reporter-output>
        </test-method> <!-- TestScenario3 -->
        <test-method is-config="true" signature="tearDown()[pri:0, instance:Tej_test.TestScenario_3@186f8716]" started-at="2024-05-30T22:34:34Z" name="tearDown" finished-at="2024-05-30T22:34:35Z" duration-ms="405" status="PASS">
          <reporter-output>
          </reporter-output>
        </test-method> <!-- tearDown -->
      </class> <!-- Tej_test.TestScenario_3 -->
    </test> <!-- SafariTest -->
    <test started-at="2024-05-30T17:03:30Z" name="ChromeTest" finished-at="2024-05-30T17:04:42Z" duration-ms="72209">
      <class name="Tej_test.TestScenario_1">
        <test-method is-config="true" signature="setUp(java.lang.String, java.lang.String, java.lang.String)[pri:0, instance:Tej_test.TestScenario_1@175b9425]" started-at="2024-05-30T22:33:30Z" name="setUp" finished-at="2024-05-30T22:33:38Z" duration-ms="8030" status="PASS">
          <params>
            <param index="0">
              <value>
                <![CDATA[chrome]]>
              </value>
            </param>
            <param index="1">
              <value>
                <![CDATA[latest]]>
              </value>
            </param>
            <param index="2">
              <value>
                <![CDATA[Windows 10]]>
              </value>
            </param>
          </params>
          <reporter-output>
          </reporter-output>
        </test-method> <!-- setUp -->
        <test-method signature="TestScenario1()[pri:0, instance:Tej_test.TestScenario_1@175b9425]" started-at="2024-05-30T22:33:38Z" name="TestScenario1" finished-at="2024-05-30T22:33:47Z" duration-ms="8353" status="PASS">
          <reporter-output>
          </reporter-output>
        </test-method> <!-- TestScenario1 -->
        <test-method is-config="true" signature="tearDown()[pri:0, instance:Tej_test.TestScenario_1@175b9425]" started-at="2024-05-30T22:33:47Z" name="tearDown" finished-at="2024-05-30T22:33:47Z" duration-ms="230" status="PASS">
          <reporter-output>
          </reporter-output>
        </test-method> <!-- tearDown -->
      </class> <!-- Tej_test.TestScenario_1 -->
      <class name="Tej_test.TestScenario_2">
        <test-method is-config="true" signature="setUp(java.lang.String, java.lang.String, java.lang.String)[pri:0, instance:Tej_test.TestScenario_2@3098cf3b]" started-at="2024-05-30T22:33:47Z" name="setUp" finished-at="2024-05-30T22:34:01Z" duration-ms="14688" status="PASS">
          <params>
            <param index="0">
              <value>
                <![CDATA[chrome]]>
              </value>
            </param>
            <param index="1">
              <value>
                <![CDATA[latest]]>
              </value>
            </param>
            <param index="2">
              <value>
                <![CDATA[Windows 10]]>
              </value>
            </param>
          </params>
          <reporter-output>
          </reporter-output>
        </test-method> <!-- setUp -->
        <test-method signature="TestScenario2()[pri:0, instance:Tej_test.TestScenario_2@3098cf3b]" started-at="2024-05-30T22:34:01Z" name="TestScenario2" finished-at="2024-05-30T22:34:10Z" duration-ms="8976" status="PASS">
          <reporter-output>
          </reporter-output>
        </test-method> <!-- TestScenario2 -->
        <test-method is-config="true" signature="tearDown()[pri:0, instance:Tej_test.TestScenario_2@3098cf3b]" started-at="2024-05-30T22:34:10Z" name="tearDown" finished-at="2024-05-30T22:34:11Z" duration-ms="101" status="PASS">
          <reporter-output>
          </reporter-output>
        </test-method> <!-- tearDown -->
      </class> <!-- Tej_test.TestScenario_2 -->
      <class name="Tej_test.TestScenario_3">
        <test-method is-config="true" signature="setUp(java.lang.String, java.lang.String, java.lang.String)[pri:0, instance:Tej_test.TestScenario_3@610f7aa]" started-at="2024-05-30T22:34:11Z" name="setUp" finished-at="2024-05-30T22:34:27Z" duration-ms="16111" status="PASS">
          <params>
            <param index="0">
              <value>
                <![CDATA[chrome]]>
              </value>
            </param>
            <param index="1">
              <value>
                <![CDATA[latest]]>
              </value>
            </param>
            <param index="2">
              <value>
                <![CDATA[Windows 10]]>
              </value>
            </param>
          </params>
          <reporter-output>
          </reporter-output>
        </test-method> <!-- setUp -->
        <test-method signature="TestScenario3()[pri:0, instance:Tej_test.TestScenario_3@610f7aa]" started-at="2024-05-30T22:34:27Z" name="TestScenario3" finished-at="2024-05-30T22:34:42Z" duration-ms="15502" status="PASS">
          <reporter-output>
          </reporter-output>
        </test-method> <!-- TestScenario3 -->
        <test-method is-config="true" signature="tearDown()[pri:0, instance:Tej_test.TestScenario_3@610f7aa]" started-at="2024-05-30T22:34:42Z" name="tearDown" finished-at="2024-05-30T22:34:42Z" duration-ms="188" status="PASS">
          <reporter-output>
          </reporter-output>
        </test-method> <!-- tearDown -->
      </class> <!-- Tej_test.TestScenario_3 -->
    </test> <!-- ChromeTest -->
  </suite> <!-- Parallel Test Suite -->
</testng-results>
