<?xml version="1.0" encoding="UTF-8"?>
<!-- Generated by org.testng.reporters.JUnitXMLReporter -->
<testsuite hostname="DESKTOP-4J22C4F" failures="1" tests="3" name="SafariTest" time="64.493" errors="0" timestamp="30 May 2024 17:04:35 GMT">
  <testcase classname="Tej_test.TestScenario_1" name="TestScenario1" time="6.966"/>
  <testcase classname="Tej_test.TestScenario_2" name="TestScenario2" time="6.348"/>
  <testcase classname="Tej_test.TestScenario_3" name="TestScenario3" time="5.319">
    <failure type="java.lang.AssertionError" message="Both text same.......... expected [Please fill in this field.] but found [Please fill out this field.]">
      <![CDATA[java.lang.AssertionError: Both text same.......... expected [Please fill in this field.] but found [Please fill out this field.]
	at Tej_test.TestScenario_3.TestScenario3(TestScenario_3.java:72)
	at java.base/java.util.concurrent.FutureTask.run(FutureTask.java:264)
	at java.base/java.util.concurrent.ThreadPoolExecutor.runWorker(ThreadPoolExecutor.java:1130)
	at java.base/java.util.concurrent.ThreadPoolExecutor$Worker.run(ThreadPoolExecutor.java:630)
	at java.base/java.lang.Thread.run(Thread.java:832)
... Removed 21 stack frames]]>
    </failure>
  </testcase> <!-- TestScenario3 -->
</testsuite> <!-- SafariTest -->
