<?xml version="1.0" encoding="UTF-8"?>
<testng-results ignored="0" total="6" passed="5" failed="1" skipped="0">
  <reporter-output>
  </reporter-output>
  <suite started-at="2024-05-30T22:27:11 IST" name="Parallel Test Suite" finished-at="2024-05-30T22:28:18 IST" duration-ms="67673">
    <groups>
    </groups>
    <test started-at="2024-05-30T22:27:11 IST" name="SafariTest" finished-at="2024-05-30T22:28:18 IST" duration-ms="66855">
      <class name="Tej_test.TestScenario_1">
        <test-method is-config="true" signature="setUp(java.lang.String,java.lang.String,java.lang.String)[pri:0, instance:Tej_test.TestScenario_1@49049a04]" started-at="2024-05-30T22:27:11 IST" name="setUp" finished-at="2024-05-30T22:27:24 IST" duration-ms="13341" status="PASS">
          <params>
            <param index="0">
              <value>
                <![CDATA[safari]]>
              </value>
            </param>
            <param index="1">
              <value>
                <![CDATA[latest]]>
              </value>
            </param>
            <param index="2">
              <value>
                <![CDATA[macOS Catalina]]>
              </value>
            </param>
          </params>
          <reporter-output>
          </reporter-output>
        </test-method> <!-- setUp -->
        <test-method signature="TestScenario1()[pri:0, instance:Tej_test.TestScenario_1@49049a04]" started-at="2024-05-30T22:27:24 IST" name="TestScenario1" finished-at="2024-05-30T22:27:32 IST" duration-ms="7582" status="PASS">
          <reporter-output>
          </reporter-output>
        </test-method> <!-- TestScenario1 -->
        <test-method is-config="true" signature="tearDown()[pri:0, instance:Tej_test.TestScenario_1@49049a04]" started-at="2024-05-30T22:27:32 IST" name="tearDown" finished-at="2024-05-30T22:27:32 IST" duration-ms="208" status="PASS">
          <reporter-output>
          </reporter-output>
        </test-method> <!-- tearDown -->
      </class> <!-- Tej_test.TestScenario_1 -->
      <class name="Tej_test.TestScenario_2">
        <test-method is-config="true" signature="setUp(java.lang.String,java.lang.String,java.lang.String)[pri:0, instance:Tej_test.TestScenario_2@71a8adcf]" started-at="2024-05-30T22:27:32 IST" name="setUp" finished-at="2024-05-30T22:27:49 IST" duration-ms="16878" status="PASS">
          <params>
            <param index="0">
              <value>
                <![CDATA[safari]]>
              </value>
            </param>
            <param index="1">
              <value>
                <![CDATA[latest]]>
              </value>
            </param>
            <param index="2">
              <value>
                <![CDATA[macOS Catalina]]>
              </value>
            </param>
          </params>
          <reporter-output>
          </reporter-output>
        </test-method> <!-- setUp -->
        <test-method signature="TestScenario2()[pri:0, instance:Tej_test.TestScenario_2@71a8adcf]" started-at="2024-05-30T22:27:49 IST" name="TestScenario2" finished-at="2024-05-30T22:27:54 IST" duration-ms="5269" status="PASS">
          <reporter-output>
          </reporter-output>
        </test-method> <!-- TestScenario2 -->
        <test-method is-config="true" signature="tearDown()[pri:0, instance:Tej_test.TestScenario_2@71a8adcf]" started-at="2024-05-30T22:27:54 IST" name="tearDown" finished-at="2024-05-30T22:27:54 IST" duration-ms="202" status="PASS">
          <reporter-output>
          </reporter-output>
        </test-method> <!-- tearDown -->
      </class> <!-- Tej_test.TestScenario_2 -->
      <class name="Tej_test.TestScenario_3">
        <test-method is-config="true" signature="setUp(java.lang.String,java.lang.String,java.lang.String)[pri:0, instance:Tej_test.TestScenario_3@27462a88]" started-at="2024-05-30T22:27:54 IST" name="setUp" finished-at="2024-05-30T22:28:11 IST" duration-ms="16229" status="PASS">
          <params>
            <param index="0">
              <value>
                <![CDATA[safari]]>
              </value>
            </param>
            <param index="1">
              <value>
                <![CDATA[latest]]>
              </value>
            </param>
            <param index="2">
              <value>
                <![CDATA[macOS Catalina]]>
              </value>
            </param>
          </params>
          <reporter-output>
          </reporter-output>
        </test-method> <!-- setUp -->
        <test-method signature="TestScenario3()[pri:0, instance:Tej_test.TestScenario_3@27462a88]" started-at="2024-05-30T22:28:11 IST" name="TestScenario3" finished-at="2024-05-30T22:28:17 IST" duration-ms="6665" status="FAIL">
          <exception class="java.lang.AssertionError">
            <message>
              <![CDATA[Both text same.......... expected [Please fill in this field.] but found [Please fill out this field.]]]>
            </message>
            <full-stacktrace>
              <![CDATA[java.lang.AssertionError: Both text same.......... expected [Please fill in this field.] but found [Please fill out this field.]
at org.testng.Assert.fail(Assert.java:99)
at org.testng.Assert.failNotEquals(Assert.java:1037)
at org.testng.Assert.assertEqualsImpl(Assert.java:140)
at org.testng.Assert.assertEquals(Assert.java:122)
at org.testng.Assert.assertEquals(Assert.java:629)
at Tej_test.TestScenario_3.TestScenario3(TestScenario_3.java:72)
at java.base/jdk.internal.reflect.NativeMethodAccessorImpl.invoke0(Native Method)
at java.base/jdk.internal.reflect.NativeMethodAccessorImpl.invoke(NativeMethodAccessorImpl.java:64)
at java.base/jdk.internal.reflect.DelegatingMethodAccessorImpl.invoke(DelegatingMethodAccessorImpl.java:43)
at java.base/java.lang.reflect.Method.invoke(Method.java:564)
at org.testng.internal.MethodInvocationHelper.invokeMethod(MethodInvocationHelper.java:133)
at org.testng.internal.TestInvoker.invokeMethod(TestInvoker.java:598)
at org.testng.internal.TestInvoker.invokeTestMethod(TestInvoker.java:173)
at org.testng.internal.MethodRunner.runInSequence(MethodRunner.java:46)
at org.testng.internal.TestInvoker$MethodInvocationAgent.invoke(TestInvoker.java:824)
at org.testng.internal.TestInvoker.invokeTestMethods(TestInvoker.java:146)
at org.testng.internal.TestMethodWorker.invokeTestMethods(TestMethodWorker.java:146)
at org.testng.internal.TestMethodWorker.run(TestMethodWorker.java:128)
at java.base/java.util.ArrayList.forEach(ArrayList.java:1511)
at org.testng.TestRunner.privateRun(TestRunner.java:794)
at org.testng.TestRunner.run(TestRunner.java:596)
at org.testng.SuiteRunner.runTest(SuiteRunner.java:377)
at org.testng.SuiteRunner.access$000(SuiteRunner.java:28)
at org.testng.SuiteRunner$SuiteWorker.run(SuiteRunner.java:418)
at org.testng.internal.thread.ThreadUtil.lambda$execute$0(ThreadUtil.java:64)
at java.base/java.util.concurrent.FutureTask.run(FutureTask.java:264)
at java.base/java.util.concurrent.ThreadPoolExecutor.runWorker(ThreadPoolExecutor.java:1130)
at java.base/java.util.concurrent.ThreadPoolExecutor$Worker.run(ThreadPoolExecutor.java:630)
at java.base/java.lang.Thread.run(Thread.java:832)
]]>
            </full-stacktrace>
          </exception> <!-- java.lang.AssertionError -->
          <reporter-output>
          </reporter-output>
        </test-method> <!-- TestScenario3 -->
        <test-method is-config="true" signature="tearDown()[pri:0, instance:Tej_test.TestScenario_3@27462a88]" started-at="2024-05-30T22:28:17 IST" name="tearDown" finished-at="2024-05-30T22:28:18 IST" duration-ms="381" status="PASS">
          <reporter-output>
          </reporter-output>
        </test-method> <!-- tearDown -->
      </class> <!-- Tej_test.TestScenario_3 -->
    </test> <!-- SafariTest -->
    <test started-at="2024-05-30T22:27:11 IST" name="ChromeTest" finished-at="2024-05-30T22:28:18 IST" duration-ms="67673">
      <class name="Tej_test.TestScenario_1">
        <test-method is-config="true" signature="setUp(java.lang.String,java.lang.String,java.lang.String)[pri:0, instance:Tej_test.TestScenario_1@5403f35f]" started-at="2024-05-30T22:27:11 IST" name="setUp" finished-at="2024-05-30T22:27:21 IST" duration-ms="9863" status="PASS">
          <params>
            <param index="0">
              <value>
                <![CDATA[chrome]]>
              </value>
            </param>
            <param index="1">
              <value>
                <![CDATA[latest]]>
              </value>
            </param>
            <param index="2">
              <value>
                <![CDATA[Windows 10]]>
              </value>
            </param>
          </params>
          <reporter-output>
          </reporter-output>
        </test-method> <!-- setUp -->
        <test-method signature="TestScenario1()[pri:0, instance:Tej_test.TestScenario_1@5403f35f]" started-at="2024-05-30T22:27:21 IST" name="TestScenario1" finished-at="2024-05-30T22:27:30 IST" duration-ms="8992" status="PASS">
          <reporter-output>
          </reporter-output>
        </test-method> <!-- TestScenario1 -->
        <test-method is-config="true" signature="tearDown()[pri:0, instance:Tej_test.TestScenario_1@5403f35f]" started-at="2024-05-30T22:27:30 IST" name="tearDown" finished-at="2024-05-30T22:27:30 IST" duration-ms="154" status="PASS">
          <reporter-output>
          </reporter-output>
        </test-method> <!-- tearDown -->
      </class> <!-- Tej_test.TestScenario_1 -->
      <class name="Tej_test.TestScenario_2">
        <test-method is-config="true" signature="setUp(java.lang.String,java.lang.String,java.lang.String)[pri:0, instance:Tej_test.TestScenario_2@2c35e847]" started-at="2024-05-30T22:27:30 IST" name="setUp" finished-at="2024-05-30T22:27:44 IST" duration-ms="14637" status="PASS">
          <params>
            <param index="0">
              <value>
                <![CDATA[chrome]]>
              </value>
            </param>
            <param index="1">
              <value>
                <![CDATA[latest]]>
              </value>
            </param>
            <param index="2">
              <value>
                <![CDATA[Windows 10]]>
              </value>
            </param>
          </params>
          <reporter-output>
          </reporter-output>
        </test-method> <!-- setUp -->
        <test-method signature="TestScenario2()[pri:0, instance:Tej_test.TestScenario_2@2c35e847]" started-at="2024-05-30T22:27:44 IST" name="TestScenario2" finished-at="2024-05-30T22:27:51 IST" duration-ms="6928" status="PASS">
          <reporter-output>
          </reporter-output>
        </test-method> <!-- TestScenario2 -->
        <test-method is-config="true" signature="tearDown()[pri:0, instance:Tej_test.TestScenario_2@2c35e847]" started-at="2024-05-30T22:27:51 IST" name="tearDown" finished-at="2024-05-30T22:27:52 IST" duration-ms="161" status="PASS">
          <reporter-output>
          </reporter-output>
        </test-method> <!-- tearDown -->
      </class> <!-- Tej_test.TestScenario_2 -->
      <class name="Tej_test.TestScenario_3">
        <test-method is-config="true" signature="setUp(java.lang.String,java.lang.String,java.lang.String)[pri:0, instance:Tej_test.TestScenario_3@7bd4937b]" started-at="2024-05-30T22:27:52 IST" name="setUp" finished-at="2024-05-30T22:28:06 IST" duration-ms="14628" status="PASS">
          <params>
            <param index="0">
              <value>
                <![CDATA[chrome]]>
              </value>
            </param>
            <param index="1">
              <value>
                <![CDATA[latest]]>
              </value>
            </param>
            <param index="2">
              <value>
                <![CDATA[Windows 10]]>
              </value>
            </param>
          </params>
          <reporter-output>
          </reporter-output>
        </test-method> <!-- setUp -->
        <test-method signature="TestScenario3()[pri:0, instance:Tej_test.TestScenario_3@7bd4937b]" started-at="2024-05-30T22:28:06 IST" name="TestScenario3" finished-at="2024-05-30T22:28:18 IST" duration-ms="12048" status="PASS">
          <reporter-output>
          </reporter-output>
        </test-method> <!-- TestScenario3 -->
        <test-method is-config="true" signature="tearDown()[pri:0, instance:Tej_test.TestScenario_3@7bd4937b]" started-at="2024-05-30T22:28:18 IST" name="tearDown" finished-at="2024-05-30T22:28:18 IST" duration-ms="180" status="PASS">
          <reporter-output>
          </reporter-output>
        </test-method> <!-- tearDown -->
      </class> <!-- Tej_test.TestScenario_3 -->
    </test> <!-- ChromeTest -->
  </suite> <!-- Parallel Test Suite -->
</testng-results>
